
   ____    __
  / __/___/ /  ___
 / _// __/ _ \/ _ \
/___/\__/_//_/\___/ v3.3.10-dev
High performance, minimalist Go web framework
https://echo.labstack.com
____________________________________O/_______
                                    O\
⇨ http server started on [::]:1323

   ____    __
  / __/___/ /  ___
 / _// __/ _ \/ _ \
/___/\__/_//_/\___/ v3.3.10-dev
High performance, minimalist Go web framework
https://echo.labstack.com
____________________________________O/_______
                                    O\
⇨ http server started on [::]:8080
id=ZABRVwCK0d4tr16l8xqX8HToUsWS6Q05, status=400, time=2021-02-22T16:07:12.6109086+08:00, remote_ip=::1, host=localhost:8080, method=POST, uri=/captcha?id=1&captcha_type=string, latency=0, header=, query=, form=
2021-02-22T16:07:41+08:00 - [PANIC RECOVER] runtime error: invalid memory address or nil pointer dereference goroutine 9 [running]:
github.com/labstack/echo/middleware.RecoverWithConfig.func1.1.1(0x901f40, 0x1000, 0x0, 0x991c20, 0xc00007a000)
	D:/GoWorkspace/pkg/mod/github.com/labstack/echo@v3.3.10+incompatible/middleware/recover.go:71 +0xf5
panic(0x86a4a0, 0xf3f690)
	D:/Go/src/runtime/panic.go:969 +0x174
github.com/mojocn/base64Captcha.(*DriverString).ConvertFonts(0x0, 0x837860)
	D:/GoWorkspace/pkg/mod/github.com/mojocn/base64!captcha@v1.3.1/driver_string.go:53 +0x30
xq_music_go/controllers.Captcha(0x991c20, 0xc00007a000, 0x4c602d, 0x6033664d)
	D:/goland_workspace/xq_music_go/controllers/user.go:33 +0x2be
github.com/labstack/echo.(*Echo).Add.func1(0x991c20, 0xc00007a000, 0xf50be0, 0x17)
	D:/GoWorkspace/pkg/mod/github.com/labstack/echo@v3.3.10+incompatible/echo.go:490 +0x91
github.com/labstack/echo/middleware.LoggerWithConfig.func2.1(0x991c20, 0xc00007a000, 0x0, 0x0)
	D:/GoWorkspace/pkg/mod/github.com/labstack/echo@v3.3.10+incompatible/middleware/logger.go:118 +0x137
github.com/labstack/echo/middleware.RequestIDWithConfig.func1.1(0x991c20, 0xc00007a000, 0xc0001f5b00, 0xc0001f5b48)
	D:/GoWorkspace/pkg/mod/github.com/labstack/echo@v3.3.10+incompatible/middleware/request_id.go:57 +0x1f7
github.com/labstack/echo/middleware.RecoverWithConfig.func1.1(0x991c20, 0xc00007a000, 0x0, 0x0)
	D:/GoWorkspace/pkg/mod/github.com/labstack/echo@v3.3.10+incompatible/middleware/recover.go:78 +0x131
github.com/labstack/echo.(*Echo).ServeHTTP(0xc0000034a0, 0x98a240, 0xc0004fe000, 0xc0004ea000)
	D:/GoWorkspace/pkg/mod/github.com/labstack/echo@v3.3.10+incompatible/echo.go:593 +0x229
net/http.serverHandler.ServeHTTP(0xc0001a62a0, 0x98a240, 0xc0004fe000, 0xc0004ea000)
	D:/Go/src/net/http/server.go:2808 +0xaa
net/http.(*conn).serve(0xc00006e320, 0x98abc0, 0xc000058340)
	D:/Go/src/net/http/server.go:1896 +0x873
created by net/http.(*Server).Serve
	D:/Go/src/net/http/server.go:2934 +0x363

goroutine 1 [IO wait]:
internal/poll.runtime_pollWait(0x273212f0, 0x72, 0x9842e0)
	D:/Go/src/runtime/netpoll.go:203 +0x5c
internal/poll.(*pollDesc).wait(0xc00007f0c8, 0x72, 0xc48500, 0x0, 0x0)
	D:/Go/src/internal/poll/fd_poll_runtime.go:87 +0x4c
internal/poll.(*ioSrv).ExecIO(0xf4e300, 0xc00007ef18, 0xc000005100, 0x1, 0x0, 0x19c)
	D:/Go/src/internal/poll/fd_windows.go:228 +0x121
internal/poll.(*FD).acceptOne(0xc00007ef00, 0x19c, 0xc0001e41e0, 0x2, 0x2, 0xc00007ef18, 0xc000089910, 0xf51760, 0x902b08, 0xc0000899b0)
	D:/Go/src/internal/poll/fd_windows.go:896 +0xa9
internal/poll.(*FD).Accept(0xc00007ef00, 0xc000089a70, 0x0, 0x0, 0x0, 0x0, 0xc000000000, 0x0, 0x0, 0x0, ...)
	D:/Go/src/internal/poll/fd_windows.go:930 +0x15f
net.(*netFD).accept(0xc00007ef00, 0x2030000, 0x2030000, 0x973cfe)
	D:/Go/src/net/fd_windows.go:193 +0x7b
net.(*TCPListener).accept(0xc000004fe0, 0xc000089b78, 0x40c9d0, 0xc00006e320)
	D:/Go/src/net/tcpsock_posix.go:139 +0x39
net.(*TCPListener).AcceptTCP(0xc000004fe0, 0x96e0798ec91e9821, 0x98, 0xc000089b78)
	D:/Go/src/net/tcpsock.go:248 +0x6c
github.com/labstack/echo.tcpKeepAliveListener.Accept(0xc000004fe0, 0xc00005c6d8, 0x4c602d, 0x60336630, 0x440915)
	D:/GoWorkspace/pkg/mod/github.com/labstack/echo@v3.3.10+incompatible/echo.go:767 +0x36
net/http.(*Server).Serve(0xc0001a62a0, 0x989bc0, 0xc0000060c0, 0x0, 0x0)
	D:/Go/src/net/http/server.go:2902 +0x264
github.com/labstack/echo.(*Echo).StartServer(0xc0000034a0, 0xc0001a62a0, 0x4, 0x8e2ae8)
	D:/GoWorkspace/pkg/mod/github.com/labstack/echo@v3.3.10+incompatible/echo.go:663 +0x38c
main.main()
	D:/goland_workspace/xq_music_go/main.go:54 +0x78b

goroutine 34 [runnable]:
net/http.(*connReader).backgroundRead(0xc00035ced0)
	D:/Go/src/net/http/server.go:678
created by net/http.(*connReader).startBackgroundRead
	D:/Go/src/net/http/server.go:675 +0xd7


